<?xml version="1.0" encoding="UTF-8"?>
<tns:patch closeOnSuccess="true" retryOnFail="true"
           xmlns:tns="http://docs.ampdev.net/schemas/xmlpatcher" xmlns:xsi="http://www.w3.org/2001/XMLSchema-instance"
           xsi:schemaLocation="http://docs.ampdev.net/schemas/xmlpatcher ../../doc/xmlpatcher.xsd ">
    <jira>AMP-30677</jira>
    <keyword>Test move</keyword>
    <author>bmokandu</author>
    <apply>
        <script>
            <lang delimiter=";" type="postgres">
                SELECT * FROM dg_user LIMIT 1;
            </lang>
        </script>
    </apply>
</tns:patch>